<?xml version="1.0" encoding="UTF-8"?>
<testsuite name="org.philips.swcoe.qualityGatesDemo.MaximumWinTest" tests="2" skipped="0" failures="0" errors="0" timestamp="2020-09-24T11:25:21" hostname="YY212718" time="0.002">
  <properties/>
  <testcase name="test1" classname="org.philips.swcoe.qualityGatesDemo.MaximumWinTest" time="0.002"/>
  <testcase name="test2" classname="org.philips.swcoe.qualityGatesDemo.MaximumWinTest" time="0.0"/>
  <system-out><![CDATA[]]></system-out>
  <system-err><![CDATA[]]></system-err>
</testsuite>
