<?xml version="1.0" encoding="UTF-8"?>
<testsuite name="org.philips.swcoe.qualityGatesDemo.DemoQualityGatesTest" tests="1" skipped="0" failures="0" errors="0" timestamp="2020-09-24T11:25:21" hostname="YY212718" time="0.005">
  <properties/>
  <testcase name="testHappyCase" classname="org.philips.swcoe.qualityGatesDemo.DemoQualityGatesTest" time="0.005"/>
  <system-out><![CDATA[]]></system-out>
  <system-err><![CDATA[]]></system-err>
</testsuite>
